<?xml version="1.0" encoding="UTF-8"?>
<!-- Generated by org.testng.reporters.JUnitReportReporter -->
<testsuite hostname="LTIN511287" failures="0" tests="2" name="testScenario.TestScenario_02_EMIPaymentTable2425" time="6.383" errors="0" timestamp="2024-04-06T13:14:04 IST" skipped="0">
  <testcase classname="testScenario.TestScenario_02_EMIPaymentTable2425" name="emiPaymentTable2425" time="1.274"/>
  <testcase classname="testScenario.TestScenario_02_EMIPaymentTable2425" name="YearTableInExcel" time="5.109"/>
</testsuite> <!-- testScenario.TestScenario_02_EMIPaymentTable2425 -->
