<?xml version="1.0" encoding="UTF-8"?>
<!-- Generated by org.testng.reporters.JUnitReportReporter -->
<testsuite hostname="LTIN511287" failures="0" tests="1" name="testCase.TestCase_27_LoanTenureCalculator_ScaleChangeForFeesAndChargesTextBoxAndSlider" time="2.056" errors="0" timestamp="2024-04-06T12:55:28 IST" skipped="0">
  <testcase classname="testCase.TestCase_27_LoanTenureCalculator_ScaleChangeForFeesAndChargesTextBoxAndSlider" name="validatingDataFlowBetweenFeesAndChargesSliderAndTextBox" time="2.056"/>
</testsuite> <!-- testCase.TestCase_27_LoanTenureCalculator_ScaleChangeForFeesAndChargesTextBoxAndSlider -->
