<?xml version="1.0" encoding="UTF-8"?>
<!-- Generated by org.testng.reporters.JUnitReportReporter -->
<testsuite hostname="LTIN486088" failures="0" tests="1" name="TestCase.TestCase_06_EMICalculator_ScaleChangeForLoanAmountTextBoxAndSlider" time="1.791" errors="0" timestamp="2024-04-03T10:09:39 IST" skipped="0">
  <testcase classname="TestCase.TestCase_06_EMICalculator_ScaleChangeForLoanAmountTextBoxAndSlider" name="validatingDataFlowBetweenLoanAmountSliderAndTextBox" time="1.791"/>
</testsuite> <!-- TestCase.TestCase_06_EMICalculator_ScaleChangeForLoanAmountTextBoxAndSlider -->
