<?xml version="1.0" encoding="UTF-8"?>
<!-- Generated by org.testng.reporters.JUnitReportReporter -->
<testsuite hostname="LTIN511287" failures="0" tests="1" name="testCase.TestCase_02_EMIPaymentTable2425" time="1.205" errors="0" timestamp="2024-04-06T12:55:28 IST" skipped="0">
  <testcase classname="testCase.TestCase_02_EMIPaymentTable2425" name="displayResult" time="1.205"/>
</testsuite> <!-- testCase.TestCase_02_EMIPaymentTable2425 -->
