<?xml version="1.0" encoding="UTF-8"?>
<!-- Generated by org.testng.reporters.JUnitReportReporter -->
<testsuite hostname="LTIN486088" failures="0" tests="1" name="TestCase.TestCase_05_EMICalculator_ValidatingLoanAmountSlider" time="0.954" errors="0" timestamp="2024-04-03T10:09:39 IST" skipped="0">
  <testcase classname="TestCase.TestCase_05_EMICalculator_ValidatingLoanAmountSlider" name="validateLoanAmountSlider" time="0.954"/>
</testsuite> <!-- TestCase.TestCase_05_EMICalculator_ValidatingLoanAmountSlider -->
