<?xml version="1.0" encoding="UTF-8"?>
<!-- Generated by org.testng.reporters.JUnitReportReporter -->
<testsuite hostname="LTIN511287" failures="0" tests="1" name="testCase.TestCase_14_LoanAmtCalculator_ValidatingInterestRateTextBoxAndSlider" time="1.237" errors="0" timestamp="2024-04-06T12:55:28 IST" skipped="0">
  <testcase classname="testCase.TestCase_14_LoanAmtCalculator_ValidatingInterestRateTextBoxAndSlider" name="validateInterestRateTextBoxAndSlider" time="1.237"/>
</testsuite> <!-- testCase.TestCase_14_LoanAmtCalculator_ValidatingInterestRateTextBoxAndSlider -->
