<?xml version="1.0" encoding="UTF-8"?>
<!-- Generated by org.testng.reporters.JUnitReportReporter -->
<testsuite hostname="LTIN486088" failures="0" tests="1" name="TestCase.TC_01_EnteringRequiredValuesInHomePage" time="2.088" errors="0" timestamp="2024-04-03T15:26:40 IST" skipped="0">
  <testcase classname="TestCase.TC_01_EnteringRequiredValuesInHomePage" name="enterDetails" time="2.088"/>
</testsuite> <!-- TestCase.TC_01_EnteringRequiredValuesInHomePage -->
