<?xml version="1.0" encoding="UTF-8"?>
<!-- Generated by org.testng.reporters.JUnitReportReporter -->
<testsuite hostname="LTIN511287" failures="0" tests="8" name="testScenario.TestScenario_04_LoanAmtCalculatorUIChecks" time="13.016" errors="0" timestamp="2024-04-06T13:14:04 IST" skipped="0">
  <testcase classname="testScenario.TestScenario_04_LoanAmtCalculatorUIChecks" name="LoanAmtCalculator_ValidatingEMITextBoxAndSlider" time="1.329"/>
  <testcase classname="testScenario.TestScenario_04_LoanAmtCalculatorUIChecks" name="LoanAmtCalculator_ValidatingInterestRateTextBoxAndSlider" time="1.410"/>
  <testcase classname="testScenario.TestScenario_04_LoanAmtCalculatorUIChecks" name="LoanAmtCalculator_ScaleChangeForInterestRateTextBoxAndSlider" time="2.164"/>
  <testcase classname="testScenario.TestScenario_04_LoanAmtCalculatorUIChecks" name="validateLoanTenureTextBoxAndSlider" time="1.312"/>
  <testcase classname="testScenario.TestScenario_04_LoanAmtCalculatorUIChecks" name="validatingDataFlowBetweenLoanTenureSliderAndTextBox" time="2.069"/>
  <testcase classname="testScenario.TestScenario_04_LoanAmtCalculatorUIChecks" name="validateFeesAndChargesTextBoxAndSlider" time="1.776"/>
  <testcase classname="testScenario.TestScenario_04_LoanAmtCalculatorUIChecks" name="validatingDataFlowBetweenYearAndMonthButton" time="0.822"/>
  <testcase classname="testScenario.TestScenario_04_LoanAmtCalculatorUIChecks" name="validatingDataFlowBetweenFeesAndChargesSliderAndTextBox" time="2.134"/>
</testsuite> <!-- testScenario.TestScenario_04_LoanAmtCalculatorUIChecks -->
