<?xml version="1.0" encoding="UTF-8"?>
<!-- Generated by org.testng.reporters.JUnitReportReporter -->
<testsuite hostname="LTIN511287" failures="0" tests="9" name="testScenario.TestScenario_03_EMICalculatorPageUIChecks" time="13.270" errors="0" timestamp="2024-04-06T13:14:04 IST" skipped="0">
  <testcase classname="testScenario.TestScenario_03_EMICalculatorPageUIChecks" name="ValidatingLoanAmountTextBoxAndSlider" time="1.327"/>
  <testcase classname="testScenario.TestScenario_03_EMICalculatorPageUIChecks" name="ScaleChangeForLoanAmountTextBoxAndSlider" time="2.218"/>
  <testcase classname="testScenario.TestScenario_03_EMICalculatorPageUIChecks" name="ValidatingInterestRateTextBoxAndSlider" time="0.714"/>
  <testcase classname="testScenario.TestScenario_03_EMICalculatorPageUIChecks" name="ScaleChangeForInterestRateTextBoxAndSlider" time="2.350"/>
  <testcase classname="testScenario.TestScenario_03_EMICalculatorPageUIChecks" name="ValidatingLoanTenureTextBoxAndSlider" time="0.717"/>
  <testcase classname="testScenario.TestScenario_03_EMICalculatorPageUIChecks" name="EMICalculator_ScaleChangeForLoanTenureTextBoxAndSlider" time="2.228"/>
  <testcase classname="testScenario.TestScenario_03_EMICalculatorPageUIChecks" name="ValidatingFeesAndChargesTextBoxAndSlider" time="0.721"/>
  <testcase classname="testScenario.TestScenario_03_EMICalculatorPageUIChecks" name="ScaleChangeForFeesAndChargesTextBoxAndSlider" time="2.305"/>
  <testcase classname="testScenario.TestScenario_03_EMICalculatorPageUIChecks" name="ValidationForYearAndMonthOption" time="0.690"/>
</testsuite> <!-- testScenario.TestScenario_03_EMICalculatorPageUIChecks -->
