<?xml version="1.0" encoding="UTF-8"?>
<!-- Generated by org.testng.reporters.JUnitReportReporter -->
<testsuite hostname="LTIN511287" failures="0" tests="1" name="testCase.TestCase_26_LoanTenureCalculator_ValidatingFeesAndChargesTextBoxAndSlider" time="0.750" errors="0" timestamp="2024-04-06T12:55:28 IST" skipped="0">
  <testcase classname="testCase.TestCase_26_LoanTenureCalculator_ValidatingFeesAndChargesTextBoxAndSlider" name="validateFeesAndChargesTextBoxAndSlider" time="0.750"/>
</testsuite> <!-- testCase.TestCase_26_LoanTenureCalculator_ValidatingFeesAndChargesTextBoxAndSlider -->
