<?xml version="1.0" encoding="UTF-8"?>
<!-- Generated by org.testng.reporters.JUnitReportReporter -->
<testsuite hostname="LTIN486088" failures="0" tests="1" name="TestCase.TC_03_YearTableInExcel" time="5.414" errors="0" timestamp="2024-04-03T15:26:40 IST" skipped="0">
  <testcase classname="TestCase.TC_03_YearTableInExcel" name="storeTable" time="5.414"/>
</testsuite> <!-- TestCase.TC_03_YearTableInExcel -->
