<?xml version="1.0" encoding="UTF-8"?>
<!-- Generated by org.testng.reporters.JUnitReportReporter -->
<testsuite hostname="LTIN511287" failures="0" tests="1" name="testScenario.TestScenario_01_EnteringRequiredValuesInHomePage" time="1.784" errors="0" timestamp="2024-04-06T13:14:04 IST" skipped="0">
  <testcase classname="testScenario.TestScenario_01_EnteringRequiredValuesInHomePage" name="enterRequiredValuesInHomePage" time="1.784"/>
</testsuite> <!-- testScenario.TestScenario_01_EnteringRequiredValuesInHomePage -->
