<?xml version="1.0" encoding="UTF-8"?>
<!-- Generated by org.testng.reporters.JUnitReportReporter -->
<testsuite hostname="LTIN486088" failures="0" tests="1" name="TestCase.TestCase_04_EMICalculator_ValidatingLoanAmountTextBoxAndSlider" time="0.935" errors="0" timestamp="2024-04-03T15:26:40 IST" skipped="0">
  <testcase classname="TestCase.TestCase_04_EMICalculator_ValidatingLoanAmountTextBoxAndSlider" name="validateLoanAmountTextBox" time="0.935"/>
</testsuite> <!-- TestCase.TestCase_04_EMICalculator_ValidatingLoanAmountTextBoxAndSlider -->
