<?xml version="1.0" encoding="UTF-8"?>
<!-- Generated by org.testng.reporters.JUnitReportReporter -->
<testsuite hostname="LTIN511287" failures="0" tests="7" name="testScenario.TestScenario_05_LoanTenureUIChecks" time="9.916" errors="0" timestamp="2024-04-06T13:14:04 IST" skipped="0">
  <testcase classname="testScenario.TestScenario_05_LoanTenureUIChecks" name="validatingDataFlowBetweenLoanAmountSliderAndTextBox" time="2.109"/>
  <testcase classname="testScenario.TestScenario_05_LoanTenureUIChecks" name="validateDataFlowBetweenInterestRateSliderAndTextBox" time="1.852"/>
  <testcase classname="testScenario.TestScenario_05_LoanTenureUIChecks" name="validatingEMITextBoxAndSlider" time="0.624"/>
  <testcase classname="testScenario.TestScenario_05_LoanTenureUIChecks" name="validateLoanAmountTextBoxAndSlider" time="1.389"/>
  <testcase classname="testScenario.TestScenario_05_LoanTenureUIChecks" name="validateFeesAndChargesTextBoxAndSlider" time="1.251"/>
  <testcase classname="testScenario.TestScenario_05_LoanTenureUIChecks" name="validateInterestRateTextBoxAndSlider" time="1.269"/>
  <testcase classname="testScenario.TestScenario_05_LoanTenureUIChecks" name="validatingDataFlowBetweenFeesAndChargesSliderAndTextBox" time="1.422"/>
</testsuite> <!-- testScenario.TestScenario_05_LoanTenureUIChecks -->
